#
# There is insufficient memory for the Java Runtime Environment to continue.
# Native memory allocation (mmap) failed to map 266338304 bytes for G1 virtual space
# Possible reasons:
#   The system is out of physical RAM or swap space
#   The process is running with CompressedOops enabled, and the Java Heap may be blocking the growth of the native heap
# Possible solutions:
#   Reduce memory load on the system
#   Increase physical memory or swap space
#   Check if swap backing store is full
#   Decrease Java heap size (-Xmx/-Xms)
#   Decrease number of Java threads
#   Decrease Java thread stack sizes (-Xss)
#   Set larger code cache with -XX:ReservedCodeCacheSize=
#   JVM is running with Zero Based Compressed Oops mode in which the Java heap is
#     placed in the first 32GB address space. The Java Heap base address is the
#     maximum limit for the native heap growth. Please use -XX:HeapBaseMinAddress
#     to set the Java Heap base and to place the Java Heap above 32GB virtual address.
# This output file may be truncated or incomplete.
#
#  Out of Memory Error (os_windows.cpp:3617), pid=66196, tid=68300
#
# JRE version:  (17.0.8.1+1) (build )
# Java VM: OpenJDK 64-Bit Server VM (17.0.8.1+1-LTS, mixed mode, sharing, tiered, compressed oops, compressed class ptrs, g1 gc, windows-amd64)
# No core dump will be written. Minidumps are not enabled by default on client versions of Windows
#

---------------  S U M M A R Y ------------

Command Line: 

Host: Intel(R) Core(TM) i7-10870H CPU @ 2.20GHz, 16 cores, 15G,  Windows 11 , 64 bit Build 22621 (10.0.22621.3085)
Time: Wed Jan 31 15:40:49 2024 South Africa Standard Time elapsed time: 0.014800 seconds (0d 0h 0m 0s)

---------------  T H R E A D  ---------------

Current thread (0x0000021cc92c40c0):  JavaThread "Unknown thread" [_thread_in_vm, id=68300, stack(0x000000315c600000,0x000000315c700000)]

Stack: [0x000000315c600000,0x000000315c700000]
Native frames: (J=compiled Java code, j=interpreted, Vv=VM code, C=native code)
V  [jvm.dll+0x67bf3a]
V  [jvm.dll+0x83a024]
V  [jvm.dll+0x83b7ce]
V  [jvm.dll+0x83be33]
V  [jvm.dll+0x24785f]
V  [jvm.dll+0x678cb9]
V  [jvm.dll+0x66d54a]
V  [jvm.dll+0x308feb]
V  [jvm.dll+0x310496]
V  [jvm.dll+0x36019e]
V  [jvm.dll+0x3603cf]
V  [jvm.dll+0x2dff38]
V  [jvm.dll+0x2e0ea4]
V  [jvm.dll+0x80bca1]
V  [jvm.dll+0x36df61]
V  [jvm.dll+0x7eafac]
V  [jvm.dll+0x3f0c8f]
V  [jvm.dll+0x3f28a1]
C  [jli.dll+0x528f]
C  [ucrtbase.dll+0x29363]
C  [KERNEL32.DLL+0x1257d]
C  [ntdll.dll+0x5aa58]


---------------  P R O C E S S  ---------------

Threads class SMR info:
_java_thread_list=0x00007ffd000d3058, length=0, elements={
}

Java Threads: ( => current thread )

Other Threads:
  0x0000021cc932e890 GCTaskThread "GC Thread#0" [stack: 0x000000315c700000,0x000000315c800000] [id=33672]
  0x0000021cc933f630 ConcurrentGCThread "G1 Main Marker" [stack: 0x000000315c800000,0x000000315c900000] [id=50116]
  0x0000021cc93407e0 ConcurrentGCThread "G1 Conc#0" [stack: 0x000000315c900000,0x000000315ca00000] [id=68908]

[error occurred during error reporting (printing all threads), id 0xc0000005, EXCEPTION_ACCESS_VIOLATION (0xc0000005) at pc=0x00007ffcff890927]

VM state: not at safepoint (not fully initialized)

VM Mutex/Monitor currently owned by a thread:  ([mutex/lock_event])
[0x0000021cc92c32e0] Heap_lock - owner thread: 0x0000021cc92c40c0

Heap address: 0x0000000702800000, size: 4056 MB, Compressed Oops mode: Zero based, Oop shift amount: 3

CDS archive(s) mapped at: [0x0000000000000000-0x0000000000000000-0x0000000000000000), size 0, SharedBaseAddress: 0x0000000800000000, ArchiveRelocationMode: 1.
Narrow klass base: 0x0000000000000000, Narrow klass shift: 0, Narrow klass range: 0x0

GC Precious Log:
<Empty>

Heap:
 garbage-first heap   total 0K, used 0K [0x0000000702800000, 0x0000000800000000)
  region size 2048K, 0 young (0K), 0 survivors (0K)

[error occurred during error reporting (printing heap information), id 0xc0000005, EXCEPTION_ACCESS_VIOLATION (0xc0000005) at pc=0x00007ffcffc75fc9]

GC Heap History (0 events):
No events

Dll operation events (1 events):
Event: 0.008 Loaded shared library C:\Program Files (x86)\Android\openjdk\jdk-17.0.8.101-hotspot\bin\java.dll

Deoptimization events (0 events):
No events

Classes unloaded (0 events):
No events

Classes redefined (0 events):
No events

Internal exceptions (0 events):
No events

VM Operations (0 events):
No events

Events (0 events):
No events


Dynamic libraries:
0x00007ff76e5a0000 - 0x00007ff76e5ae000 	C:\Program Files (x86)\Android\openjdk\jdk-17.0.8.101-hotspot\bin\java.exe
0x00007ffe09af0000 - 0x00007ffe09d07000 	C:\WINDOWS\SYSTEM32\ntdll.dll
0x00007ffdffc10000 - 0x00007ffdffc29000 	C:\Program Files\Avast Software\Avast\aswhook.dll
0x00007ffe089a0000 - 0x00007ffe08a64000 	C:\WINDOWS\System32\KERNEL32.DLL
0x00007ffe06fb0000 - 0x00007ffe07356000 	C:\WINDOWS\System32\KERNELBASE.dll
0x00007ffe06e30000 - 0x00007ffe06f41000 	C:\WINDOWS\System32\ucrtbase.dll
0x00007ffda6f00000 - 0x00007ffda6f17000 	C:\Program Files (x86)\Android\openjdk\jdk-17.0.8.101-hotspot\bin\jli.dll
0x00007ffda2830000 - 0x00007ffda284b000 	C:\Program Files (x86)\Android\openjdk\jdk-17.0.8.101-hotspot\bin\VCRUNTIME140.dll
0x00007ffe084d0000 - 0x00007ffe0867e000 	C:\WINDOWS\System32\USER32.dll
0x00007ffe06f50000 - 0x00007ffe06f76000 	C:\WINDOWS\System32\win32u.dll
0x00007ffde60d0000 - 0x00007ffde6363000 	C:\WINDOWS\WinSxS\amd64_microsoft.windows.common-controls_6595b64144ccf1df_6.0.22621.2506_none_270c5ae97388e100\COMCTL32.dll
0x00007ffe08a70000 - 0x00007ffe08a99000 	C:\WINDOWS\System32\GDI32.dll
0x00007ffe09780000 - 0x00007ffe09827000 	C:\WINDOWS\System32\msvcrt.dll
0x00007ffe07720000 - 0x00007ffe07838000 	C:\WINDOWS\System32\gdi32full.dll
0x00007ffe07490000 - 0x00007ffe0752a000 	C:\WINDOWS\System32\msvcp_win.dll
0x00007ffe08830000 - 0x00007ffe08861000 	C:\WINDOWS\System32\IMM32.DLL
0x00007ffdc98f0000 - 0x00007ffdc98fc000 	C:\Program Files (x86)\Android\openjdk\jdk-17.0.8.101-hotspot\bin\vcruntime140_1.dll
0x00007ffd61240000 - 0x00007ffd612cd000 	C:\Program Files (x86)\Android\openjdk\jdk-17.0.8.101-hotspot\bin\msvcp140.dll
0x00007ffcff5a0000 - 0x00007ffd00205000 	C:\Program Files (x86)\Android\openjdk\jdk-17.0.8.101-hotspot\bin\server\jvm.dll
0x00007ffe08730000 - 0x00007ffe087e3000 	C:\WINDOWS\System32\ADVAPI32.dll
0x00007ffe09560000 - 0x00007ffe09608000 	C:\WINDOWS\System32\sechost.dll
0x00007ffe06f80000 - 0x00007ffe06fa8000 	C:\WINDOWS\System32\bcrypt.dll
0x00007ffe08880000 - 0x00007ffe08997000 	C:\WINDOWS\System32\RPCRT4.dll
0x00007ffe05c80000 - 0x00007ffe05ccd000 	C:\WINDOWS\SYSTEM32\POWRPROF.dll
0x00007ffdfe900000 - 0x00007ffdfe934000 	C:\WINDOWS\SYSTEM32\WINMM.dll
0x00007ffded010000 - 0x00007ffded019000 	C:\WINDOWS\SYSTEM32\WSOCK32.dll
0x00007ffdfedc0000 - 0x00007ffdfedca000 	C:\WINDOWS\SYSTEM32\VERSION.dll
0x00007ffe09a30000 - 0x00007ffe09aa1000 	C:\WINDOWS\System32\WS2_32.dll
0x00007ffe05c60000 - 0x00007ffe05c73000 	C:\WINDOWS\SYSTEM32\UMPDC.dll
0x00007ffe05ec0000 - 0x00007ffe05ed8000 	C:\WINDOWS\SYSTEM32\kernel.appcore.dll
0x00007ffdc28a0000 - 0x00007ffdc28aa000 	C:\Program Files (x86)\Android\openjdk\jdk-17.0.8.101-hotspot\bin\jimage.dll
0x00007ffe04720000 - 0x00007ffe04953000 	C:\WINDOWS\SYSTEM32\DBGHELP.DLL
0x00007ffe07ef0000 - 0x00007ffe08279000 	C:\WINDOWS\System32\combase.dll
0x00007ffe07990000 - 0x00007ffe07a67000 	C:\WINDOWS\System32\OLEAUT32.dll
0x00007ffdf6b30000 - 0x00007ffdf6b62000 	C:\WINDOWS\SYSTEM32\dbgcore.DLL
0x00007ffe076a0000 - 0x00007ffe0771a000 	C:\WINDOWS\System32\bcryptPrimitives.dll
0x00007ffd7ce10000 - 0x00007ffd7ce35000 	C:\Program Files (x86)\Android\openjdk\jdk-17.0.8.101-hotspot\bin\java.dll

dbghelp: loaded successfully - version: 4.0.5 - missing functions: none
symbol engine: initialized successfully - sym options: 0x614 - pdb path: .;C:\Program Files (x86)\Android\openjdk\jdk-17.0.8.101-hotspot\bin;C:\WINDOWS\SYSTEM32;C:\Program Files\Avast Software\Avast;C:\WINDOWS\WinSxS\amd64_microsoft.windows.common-controls_6595b64144ccf1df_6.0.22621.2506_none_270c5ae97388e100;C:\Program Files (x86)\Android\openjdk\jdk-17.0.8.101-hotspot\bin\server

VM Arguments:
java_command: <unknown>
java_class_path (initial): <not set>
Launcher Type: SUN_STANDARD

[Global flags]
     intx CICompilerCount                          = 12                                        {product} {ergonomic}
     uint ConcGCThreads                            = 3                                         {product} {ergonomic}
     uint G1ConcRefinementThreads                  = 13                                        {product} {ergonomic}
   size_t G1HeapRegionSize                         = 2097152                                   {product} {ergonomic}
    uintx GCDrainStackTargetSize                   = 64                                        {product} {ergonomic}
   size_t InitialHeapSize                          = 266338304                                 {product} {ergonomic}
   size_t MarkStackSize                            = 4194304                                   {product} {ergonomic}
   size_t MaxHeapSize                              = 4253024256                                {product} {ergonomic}
   size_t MinHeapDeltaBytes                        = 2097152                                   {product} {ergonomic}
   size_t MinHeapSize                              = 8388608                                   {product} {ergonomic}
    uintx NonNMethodCodeHeapSize                   = 7602480                                {pd product} {ergonomic}
    uintx NonProfiledCodeHeapSize                  = 122027880                              {pd product} {ergonomic}
    uintx ProfiledCodeHeapSize                     = 122027880                              {pd product} {ergonomic}
    uintx ReservedCodeCacheSize                    = 251658240                              {pd product} {ergonomic}
     bool SegmentedCodeCache                       = true                                      {product} {ergonomic}
   size_t SoftMaxHeapSize                          = 4253024256                             {manageable} {ergonomic}
     bool UseCompressedClassPointers               = true                           {product lp64_product} {ergonomic}
     bool UseCompressedOops                        = true                           {product lp64_product} {ergonomic}
     bool UseG1GC                                  = true                                      {product} {ergonomic}
     bool UseLargePagesIndividualAllocation        = false                                  {pd product} {ergonomic}

Logging:
Log output configuration:
 #0: stdout all=warning uptime,level,tags
 #1: stderr all=off uptime,level,tags

Environment Variables:
PATH=C:\Program Files (x86)\Android\openjdk\jdk-17.0.8.101-hotspot\bin;C:\Program Files\Common Files\Oracle\Java\javapath;C:\Windows\system32;C:\Windows;C:\Windows\System32\Wbem;C:\Windows\System32\WindowsPowerShell\v1.0\;C:\Windows\System32\OpenSSH\;C:\Program Files (x86)\NVIDIA Corporation\PhysX\Common;C:\Program Files\NVIDIA Corporation\NVIDIA NvDLISR;C:\Program Files\MATLAB\R2021a\bin;C:\WINDOWS\system32;C:\WINDOWS;C:\WINDOWS\System32\Wbem;C:\WINDOWS\System32\WindowsPowerShell\v1.0\;C:\WINDOWS\System32\OpenSSH\;C:\Program Files\dotnet\;C:\Users\aidan\anaconda3\pkgs\openssl-1.1.1t-h2bbff1b_0\Library\bin;C:\Program Files\Git\cmd;C:\Program Files\Microsoft SQL Server\150\Tools\Binn\;C:\Program Files\CMake\bin;C:\ProgramData\chocolatey\bin;C:\Users\aidan\Downloads\commandlinetools-win-10406996_latest\cmdline-tools\bin;C:\Program Files\Android\Android Studio\tools;C:\Program Files\Android\Android Studio\platform-tools;C:\Program Files\nodejs\;C:\Program Files\Microsoft SQL Server\Client SDK\ODBC\170\Tools\Binn\;C:\Users\aidan\AppData\Local\Programs\Python\Python311\Scripts\;C:\Users\aidan\AppData\Local\Programs\Python\Python311\;C:\Users\aidan\AppData\Local\Programs\Python\Python310\python.exe;C:\Users\aidan\AppData\Local\Microsoft\WindowsApps;C:\Users\aidan\AppData\Local\Programs\Microsoft VS Code\bin;C:\Users\aidan\AppData\Roaming\Microsoft\Windows\Start Menu\Programs\Python 3.10;C:\Users\aidan\Downloads\flutter_windows_3.7.3-stable\flutter\bin;C:\Users\aidan\anaconda3\pkgs\openssl-1.1.1t-h2bbff1b_0\Library\bin;C:\Users\aidan\Downloads\flutter_windows_3.10.1-stable\flutter\bin;C:\Program Files\CMake\bin;C:\msys64\mingw64\bin;C:\Users\aidan\AppData\Roaming\npm;C:\Users\aidan\AppData\Local\GitHubDesktop\bin;C:\Users\aidan\.dotnet\tools
USERNAME=aidan
OS=Windows_NT
PROCESSOR_IDENTIFIER=Intel64 Family 6 Model 165 Stepping 2, GenuineIntel
TMP=C:\Users\aidan\AppData\Local\Temp
TEMP=C:\Users\aidan\AppData\Local\Temp



---------------  S Y S T E M  ---------------

OS:
 Windows 11 , 64 bit Build 22621 (10.0.22621.3085)
OS uptime: 6 days 11:09 hours
Hyper-V role detected

CPU: total 16 (initial active 16) (8 cores per cpu, 2 threads per core) family 6 model 165 stepping 2 microcode 0xe0, cx8, cmov, fxsr, ht, mmx, 3dnowpref, sse, sse2, sse3, ssse3, sse4.1, sse4.2, popcnt, lzcnt, tsc, tscinvbit, avx, avx2, aes, erms, clmul, bmi1, bmi2, adx, fma, vzeroupper, clflush, clflushopt, hv
Processor Information for all 16 processors :
  Max Mhz: 2208, Current Mhz: 2208, Mhz Limit: 2208

Memory: 4k page, system-wide physical 16219M (851M free)
TotalPageFile size 65371M (AvailPageFile size 7M)
current process WorkingSet (physical memory assigned to process): 11M, peak: 11M
current process commit charge ("private bytes"): 71M, peak: 325M

vm_info: OpenJDK 64-Bit Server VM (17.0.8.1+1-LTS) for windows-amd64 JRE (17.0.8.1+1-LTS), built on Aug 23 2023 17:38:52 by "MicrosoftCorporation" with MS VC++ 16.10 / 16.11 (VS2019)

END.
